-------------------------------------------------------------------------------
Test set: com.fasterxml.jackson.databind.ObjectWriterTest
-------------------------------------------------------------------------------
Tests run: 15, Failures: 0, Errors: 1, Skipped: 0, Time elapsed: 0.003 s <<< FAILURE! -- in com.fasterxml.jackson.databind.ObjectWriterTest
com.fasterxml.jackson.databind.ObjectWriterTest.testWithCloseCloseable -- Time elapsed: 0 s <<< ERROR!
java.lang.NoSuchMethodError: 'byte[] com.fasterxml.jackson.core.util.ByteArrayBuilder.getClearAndRelease()'
	at com.fasterxml.jackson.databind.ObjectWriterTest.testWithCloseCloseable(ObjectWriterTest.java:146)

