-------------------------------------------------------------------------------
Test set: com.fasterxml.jackson.databind.struct.UnwrappedDoubleWithAnySetter3277Test
-------------------------------------------------------------------------------
Tests run: 1, Failures: 0, Errors: 1, Skipped: 0, Time elapsed: 0.001 s <<< FAILURE! -- in com.fasterxml.jackson.databind.struct.UnwrappedDoubleWithAnySetter3277Test
com.fasterxml.jackson.databind.struct.UnwrappedDoubleWithAnySetter3277Test.testIsInstanceOfDouble -- Time elapsed: 0 s <<< ERROR!
java.lang.NoSuchMethodError: 'com.fasterxml.jackson.core.JsonParser$NumberTypeFP com.fasterxml.jackson.core.JsonParser.getNumberTypeFP()'
	at com.fasterxml.jackson.databind.struct.UnwrappedDoubleWithAnySetter3277Test.testIsInstanceOfDouble(UnwrappedDoubleWithAnySetter3277Test.java:56)

