-------------------------------------------------------------------------------
Test set: com.fasterxml.jackson.databind.node.ArrayNodeTest
-------------------------------------------------------------------------------
Tests run: 15, Failures: 0, Errors: 1, Skipped: 0, Time elapsed: 0.002 s <<< FAILURE! -- in com.fasterxml.jackson.databind.node.ArrayNodeTest
com.fasterxml.jackson.databind.node.ArrayNodeTest.testArrayViaMapper -- Time elapsed: 0 s <<< ERROR!
java.lang.NoSuchMethodError: 'com.fasterxml.jackson.core.JsonParser$NumberTypeFP com.fasterxml.jackson.core.JsonParser.getNumberTypeFP()'
	at com.fasterxml.jackson.databind.node.ArrayNodeTest.testArrayViaMapper(ArrayNodeTest.java:195)

