-------------------------------------------------------------------------------
Test set: com.fasterxml.jackson.databind.jsontype.ExistingPropertyTest
-------------------------------------------------------------------------------
Tests run: 14, Failures: 0, Errors: 2, Skipped: 0, Time elapsed: 0.006 s <<< FAILURE! -- in com.fasterxml.jackson.databind.jsontype.ExistingPropertyTest
com.fasterxml.jackson.databind.jsontype.ExistingPropertyTest.test3251WithExistingProperty -- Time elapsed: 0 s <<< ERROR!
java.lang.NoSuchMethodError: 'com.fasterxml.jackson.core.JsonParser$NumberTypeFP com.fasterxml.jackson.core.JsonParser.getNumberTypeFP()'
	at com.fasterxml.jackson.databind.jsontype.ExistingPropertyTest.test3251WithExistingProperty(ExistingPropertyTest.java:553)

com.fasterxml.jackson.databind.jsontype.ExistingPropertyTest.test3251WithNewProperty -- Time elapsed: 0.001 s <<< ERROR!
java.lang.NoSuchMethodError: 'com.fasterxml.jackson.core.JsonParser$NumberTypeFP com.fasterxml.jackson.core.JsonParser.getNumberTypeFP()'
	at com.fasterxml.jackson.databind.jsontype.ExistingPropertyTest.test3251WithNewProperty(ExistingPropertyTest.java:541)

