-------------------------------------------------------------------------------
Test set: com.fasterxml.jackson.databind.jsontype.jdk.BigDecimalForFloatDisabled3133Test
-------------------------------------------------------------------------------
Tests run: 1, Failures: 0, Errors: 1, Skipped: 0, Time elapsed: 0.001 s <<< FAILURE! -- in com.fasterxml.jackson.databind.jsontype.jdk.BigDecimalForFloatDisabled3133Test
com.fasterxml.jackson.databind.jsontype.jdk.BigDecimalForFloatDisabled3133Test.testDeserializeWithDifferentOrdering3133 -- Time elapsed: 0.001 s <<< ERROR!
java.lang.NoSuchMethodError: 'com.fasterxml.jackson.core.JsonParser$NumberTypeFP com.fasterxml.jackson.core.JsonParser.getNumberTypeFP()'
	at com.fasterxml.jackson.databind.jsontype.jdk.BigDecimalForFloatDisabled3133Test.testDeserializeWithDifferentOrdering3133(BigDecimalForFloatDisabled3133Test.java:57)

