-------------------------------------------------------------------------------
Test set: com.fasterxml.jackson.databind.deser.merge.NodeMergeTest
-------------------------------------------------------------------------------
Tests run: 10, Failures: 0, Errors: 1, Skipped: 0, Time elapsed: 0.002 s <<< FAILURE! -- in com.fasterxml.jackson.databind.deser.merge.NodeMergeTest
com.fasterxml.jackson.databind.deser.merge.NodeMergeTest.testObjectDeepUpdate -- Time elapsed: 0 s <<< ERROR!
java.lang.NoSuchMethodError: 'com.fasterxml.jackson.core.JsonParser$NumberTypeFP com.fasterxml.jackson.core.JsonParser.getNumberTypeFP()'
	at com.fasterxml.jackson.databind.deser.merge.NodeMergeTest.testObjectDeepUpdate(NodeMergeTest.java:75)

